<?xml version="1.0" encoding="UTF-8"?>
<testng-results ignored="0" total="4" passed="4" failed="0" skipped="0">
  <reporter-output>
  </reporter-output>
  <suite started-at="2022-08-19T18:37:14 IST" name="Suite" finished-at="2022-08-19T18:37:21 IST" duration-ms="7180">
    <groups>
    </groups>
    <test started-at="2022-08-19T18:37:14 IST" name="Test" finished-at="2022-08-19T18:37:21 IST" duration-ms="7180">
      <class name="Test_cases.ParallelTest">
        <test-method signature="openFB()[pri:0, instance:Test_cases.ParallelTest@4944252c]" started-at="2022-08-19T18:37:14 IST" name="openFB" finished-at="2022-08-19T18:37:21 IST" duration-ms="6594" status="PASS">
          <reporter-output>
          </reporter-output>
        </test-method> <!-- openFB -->
        <test-method signature="openKite()[pri:0, instance:Test_cases.ParallelTest@4944252c]" started-at="2022-08-19T18:37:14 IST" name="openKite" finished-at="2022-08-19T18:37:18 IST" duration-ms="4127" status="PASS">
          <reporter-output>
          </reporter-output>
        </test-method> <!-- openKite -->
        <test-method signature="openGoogle()[pri:0, instance:Test_cases.ParallelTest@4944252c]" started-at="2022-08-19T18:37:14 IST" name="openGoogle" finished-at="2022-08-19T18:37:21 IST" duration-ms="7164" status="PASS">
          <reporter-output>
          </reporter-output>
        </test-method> <!-- openGoogle -->
        <test-method signature="openRediff()[pri:0, instance:Test_cases.ParallelTest@4944252c]" started-at="2022-08-19T18:37:14 IST" name="openRediff" finished-at="2022-08-19T18:37:19 IST" duration-ms="4683" status="PASS">
          <reporter-output>
          </reporter-output>
        </test-method> <!-- openRediff -->
      </class> <!-- Test_cases.ParallelTest -->
    </test> <!-- Test -->
  </suite> <!-- Suite -->
</testng-results>
