<?xml version="1.0" encoding="UTF-8"?>
<!-- Generated by org.testng.reporters.JUnitXMLReporter -->
<testsuite ignored="0" hostname="LAPTOP-9S84AQ2K" failures="0" tests="4" name="Test" time="7.18" errors="0" timestamp="2022-08-19T18:37:21 IST">
  <testcase classname="Test_cases.ParallelTest" name="openKite" time="4.127"/>
  <testcase classname="Test_cases.ParallelTest" name="openRediff" time="4.683"/>
  <testcase classname="Test_cases.ParallelTest" name="openFB" time="6.594"/>
  <testcase classname="Test_cases.ParallelTest" name="openGoogle" time="7.164"/>
</testsuite> <!-- Test -->
